MNISTNET_CROSSENTROPYLOSS_0|32|74.522853
MNISTNET_CROSSENTROPYLOSS_0|64|73.745923
MNISTNET_CROSSENTROPYLOSS_0|96|73.895685
MNISTNET_CROSSENTROPYLOSS_0|128|73.455995
MNISTNET_CROSSENTROPYLOSS_0|160|74.042489
MNISTNET_CROSSENTROPYLOSS_0|192|72.742513
MNISTNET_CROSSENTROPYLOSS_0|224|73.399093
MNISTNET_CROSSENTROPYLOSS_0|256|72.881943
MNISTNET_CROSSENTROPYLOSS_0|288|68.615514
MNISTNET_CROSSENTROPYLOSS_0|320|66.886726
MNISTNET_CROSSENTROPYLOSS_0|352|67.371389
MNISTNET_CROSSENTROPYLOSS_0|384|71.287610
MNISTNET_CROSSENTROPYLOSS_0|416|67.125212
MNISTNET_CROSSENTROPYLOSS_0|448|59.835655
MNISTNET_CROSSENTROPYLOSS_0|480|64.658119
MNISTNET_CROSSENTROPYLOSS_0|512|62.126448
MNISTNET_CROSSENTROPYLOSS_0|544|57.009175
MNISTNET_CROSSENTROPYLOSS_0|576|59.693642
MNISTNET_CROSSENTROPYLOSS_0|608|57.320688
MNISTNET_CROSSENTROPYLOSS_0|640|51.570684
MNISTNET_CROSSENTROPYLOSS_0|672|54.718383
MNISTNET_CROSSENTROPYLOSS_0|704|55.802261
MNISTNET_CROSSENTROPYLOSS_0|736|56.792236
MNISTNET_CROSSENTROPYLOSS_0|768|52.953993
MNISTNET_CROSSENTROPYLOSS_0|800|45.255002
MNISTNET_CROSSENTROPYLOSS_0|832|42.139986
MNISTNET_CROSSENTROPYLOSS_0|864|41.382442
MNISTNET_CROSSENTROPYLOSS_0|896|39.679124
MNISTNET_CROSSENTROPYLOSS_0|928|34.671795
MNISTNET_CROSSENTROPYLOSS_0|960|37.649416
MNISTNET_CROSSENTROPYLOSS_0|992|25.263656
MNISTNET_CROSSENTROPYLOSS_0|1024|35.387643
MNISTNET_CROSSENTROPYLOSS_0|1056|44.866780
MNISTNET_CROSSENTROPYLOSS_0|1088|22.251806
MNISTNET_CROSSENTROPYLOSS_0|1120|20.691279
MNISTNET_CROSSENTROPYLOSS_0|1152|17.622953
MNISTNET_CROSSENTROPYLOSS_0|1184|27.870465
MNISTNET_CROSSENTROPYLOSS_0|1216|17.688011
MNISTNET_CROSSENTROPYLOSS_0|1248|20.595865
MNISTNET_CROSSENTROPYLOSS_0|1280|20.992812
MNISTNET_CROSSENTROPYLOSS_0|1312|18.106544
MNISTNET_CROSSENTROPYLOSS_0|1344|10.326683
MNISTNET_CROSSENTROPYLOSS_0|1376|17.657922
MNISTNET_CROSSENTROPYLOSS_0|1408|14.673397
MNISTNET_CROSSENTROPYLOSS_0|1440|16.038736
MNISTNET_CROSSENTROPYLOSS_0|1472|14.854189
MNISTNET_CROSSENTROPYLOSS_0|1504|11.473854
MNISTNET_CROSSENTROPYLOSS_0|1536|12.600668
MNISTNET_CROSSENTROPYLOSS_0|1568|9.899741
MNISTNET_CROSSENTROPYLOSS_0|1600|6.860806
MNISTNET_CROSSENTROPYLOSS_0|1632|9.231375
MNISTNET_CROSSENTROPYLOSS_0|1664|20.244734
MNISTNET_CROSSENTROPYLOSS_0|1696|11.866171
MNISTNET_CROSSENTROPYLOSS_0|1728|8.316875
MNISTNET_CROSSENTROPYLOSS_0|1760|11.042250
MNISTNET_CROSSENTROPYLOSS_0|1792|13.241501
MNISTNET_CROSSENTROPYLOSS_0|1824|18.020694
MNISTNET_CROSSENTROPYLOSS_0|1856|17.936006
MNISTNET_CROSSENTROPYLOSS_0|1888|24.064958
MNISTNET_CROSSENTROPYLOSS_0|1920|7.834922
MNISTNET_CROSSENTROPYLOSS_0|1952|4.045847
MNISTNET_CROSSENTROPYLOSS_0|1984|10.394817
MNISTNET_CROSSENTROPYLOSS_0|2016|8.292099
MNISTNET_CROSSENTROPYLOSS_0|2048|2.899266
MNISTNET_CROSSENTROPYLOSS_0|2080|5.318716
MNISTNET_CROSSENTROPYLOSS_0|32|74.636257
MNISTNET_CROSSENTROPYLOSS_0|64|73.737863
MNISTNET_CROSSENTROPYLOSS_0|96|73.742015
MNISTNET_CROSSENTROPYLOSS_0|128|72.268710
MNISTNET_CROSSENTROPYLOSS_0|160|72.068165
MNISTNET_CROSSENTROPYLOSS_0|192|69.621023
MNISTNET_CROSSENTROPYLOSS_0|224|70.338008
MNISTNET_CROSSENTROPYLOSS_0|256|68.713569
MNISTNET_CROSSENTROPYLOSS_0|288|64.646728
MNISTNET_CROSSENTROPYLOSS_0|320|64.473285
MNISTNET_CROSSENTROPYLOSS_0|352|65.839192
MNISTNET_CROSSENTROPYLOSS_0|384|65.156695
MNISTNET_CROSSENTROPYLOSS_0|416|63.908811
MNISTNET_CROSSENTROPYLOSS_0|448|62.198536
MNISTNET_CROSSENTROPYLOSS_0|480|62.113014
MNISTNET_CROSSENTROPYLOSS_0|512|58.354770
MNISTNET_CROSSENTROPYLOSS_0|544|58.703502
MNISTNET_CROSSENTROPYLOSS_0|576|54.682194
MNISTNET_CROSSENTROPYLOSS_0|608|56.843840
MNISTNET_CROSSENTROPYLOSS_0|640|48.870400
MNISTNET_CROSSENTROPYLOSS_0|672|49.646562
MNISTNET_CROSSENTROPYLOSS_0|704|52.055323
MNISTNET_CROSSENTROPYLOSS_0|736|51.737922
MNISTNET_CROSSENTROPYLOSS_0|768|52.092489
MNISTNET_CROSSENTROPYLOSS_0|800|44.506328
MNISTNET_CROSSENTROPYLOSS_0|832|39.349352
MNISTNET_CROSSENTROPYLOSS_0|864|40.494796
MNISTNET_CROSSENTROPYLOSS_0|896|44.360103
MNISTNET_CROSSENTROPYLOSS_0|928|34.912396
MNISTNET_CROSSENTROPYLOSS_0|960|32.180283
MNISTNET_CROSSENTROPYLOSS_0|992|30.530801
MNISTNET_CROSSENTROPYLOSS_0|1024|35.447668
MNISTNET_CROSSENTROPYLOSS_0|1056|42.025050
MNISTNET_CROSSENTROPYLOSS_0|1088|25.381043
MNISTNET_CROSSENTROPYLOSS_0|1120|23.849845
MNISTNET_CROSSENTROPYLOSS_0|1152|27.956739
MNISTNET_CROSSENTROPYLOSS_0|1184|37.606956
MNISTNET_CROSSENTROPYLOSS_0|1216|22.159294
MNISTNET_CROSSENTROPYLOSS_0|1248|18.752423
MNISTNET_CROSSENTROPYLOSS_0|1280|21.088018
MNISTNET_CROSSENTROPYLOSS_0|1312|18.881140
MNISTNET_CROSSENTROPYLOSS_0|1344|16.076869
MNISTNET_CROSSENTROPYLOSS_0|1376|24.051996
MNISTNET_CROSSENTROPYLOSS_0|1408|19.602432
MNISTNET_CROSSENTROPYLOSS_0|1440|21.588424
MNISTNET_CROSSENTROPYLOSS_0|1472|25.302550
MNISTNET_CROSSENTROPYLOSS_0|1504|16.899801
MNISTNET_CROSSENTROPYLOSS_0|1536|13.185900
MNISTNET_CROSSENTROPYLOSS_0|1568|18.416351
MNISTNET_CROSSENTROPYLOSS_0|1600|9.019479
MNISTNET_CROSSENTROPYLOSS_0|1632|6.662382
MNISTNET_CROSSENTROPYLOSS_0|1664|22.144993
MNISTNET_CROSSENTROPYLOSS_0|1696|11.747341
MNISTNET_CROSSENTROPYLOSS_0|1728|8.953747
MNISTNET_CROSSENTROPYLOSS_0|1760|15.688597
MNISTNET_CROSSENTROPYLOSS_0|1792|14.419880
MNISTNET_CROSSENTROPYLOSS_0|1824|20.169727
MNISTNET_CROSSENTROPYLOSS_0|1856|15.328969
MNISTNET_CROSSENTROPYLOSS_0|1888|25.915738
MNISTNET_CROSSENTROPYLOSS_0|1920|9.972430
MNISTNET_CROSSENTROPYLOSS_0|1952|4.358057
MNISTNET_CROSSENTROPYLOSS_0|1984|10.293676
MNISTNET_CROSSENTROPYLOSS_0|2016|5.844537
MNISTNET_CROSSENTROPYLOSS_0|2048|2.183991
MNISTNET_CROSSENTROPYLOSS_0|32|74.572854
MNISTNET_CROSSENTROPYLOSS_0|64|73.545392
MNISTNET_CROSSENTROPYLOSS_0|96|73.556834
MNISTNET_CROSSENTROPYLOSS_0|128|73.121494
MNISTNET_CROSSENTROPYLOSS_0|160|72.011837
MNISTNET_CROSSENTROPYLOSS_0|192|69.669872
MNISTNET_CROSSENTROPYLOSS_0|224|69.620494
MNISTNET_CROSSENTROPYLOSS_0|256|68.214972
MNISTNET_CROSSENTROPYLOSS_0|288|66.060042
MNISTNET_CROSSENTROPYLOSS_0|320|65.077865
MNISTNET_CROSSENTROPYLOSS_0|352|62.002676
MNISTNET_CROSSENTROPYLOSS_0|384|59.522088
MNISTNET_CROSSENTROPYLOSS_0|416|61.690189
MNISTNET_CROSSENTROPYLOSS_0|448|61.635758
MNISTNET_CROSSENTROPYLOSS_0|480|61.029327
MNISTNET_CROSSENTROPYLOSS_0|512|62.163729
MNISTNET_CROSSENTROPYLOSS_0|544|63.218636
MNISTNET_CROSSENTROPYLOSS_0|576|50.946340
MNISTNET_CROSSENTROPYLOSS_0|608|56.829376
MNISTNET_CROSSENTROPYLOSS_0|640|55.709926
MNISTNET_CROSSENTROPYLOSS_0|672|56.240366
MNISTNET_CROSSENTROPYLOSS_0|704|49.725879
MNISTNET_CROSSENTROPYLOSS_0|736|55.643897
MNISTNET_CROSSENTROPYLOSS_0|768|50.200532
MNISTNET_CROSSENTROPYLOSS_0|800|51.701933
MNISTNET_CROSSENTROPYLOSS_0|832|47.161279
MNISTNET_CROSSENTROPYLOSS_0|864|49.961828
MNISTNET_CROSSENTROPYLOSS_0|896|50.787409
MNISTNET_CROSSENTROPYLOSS_0|928|39.169577
MNISTNET_CROSSENTROPYLOSS_0|960|42.166199
MNISTNET_CROSSENTROPYLOSS_0|992|41.200678
MNISTNET_CROSSENTROPYLOSS_0|1024|47.955725
MNISTNET_CROSSENTROPYLOSS_0|1056|50.847250
MNISTNET_CROSSENTROPYLOSS_0|1088|45.034632
MNISTNET_CROSSENTROPYLOSS_0|1120|37.296049
MNISTNET_CROSSENTROPYLOSS_0|1152|33.548604
MNISTNET_CROSSENTROPYLOSS_0|1184|39.700677
MNISTNET_CROSSENTROPYLOSS_0|1216|27.839691
MNISTNET_CROSSENTROPYLOSS_0|1248|24.156791
MNISTNET_CROSSENTROPYLOSS_0|1280|26.397547
MNISTNET_CROSSENTROPYLOSS_0|1312|26.742773
MNISTNET_CROSSENTROPYLOSS_0|1344|20.517845
MNISTNET_CROSSENTROPYLOSS_0|1376|18.315252
MNISTNET_CROSSENTROPYLOSS_0|1408|26.322068
MNISTNET_CROSSENTROPYLOSS_0|1440|22.126324
MNISTNET_CROSSENTROPYLOSS_0|1472|24.923695
MNISTNET_CROSSENTROPYLOSS_0|1504|14.981408
MNISTNET_CROSSENTROPYLOSS_0|1536|19.376885
MNISTNET_CROSSENTROPYLOSS_0|1568|12.325134
MNISTNET_CROSSENTROPYLOSS_0|1600|16.153469
MNISTNET_CROSSENTROPYLOSS_0|1632|18.824668
MNISTNET_CROSSENTROPYLOSS_0|1664|36.834883
MNISTNET_CROSSENTROPYLOSS_0|1696|15.482846
MNISTNET_CROSSENTROPYLOSS_0|1728|13.796277
MNISTNET_CROSSENTROPYLOSS_0|1760|13.830074
MNISTNET_CROSSENTROPYLOSS_0|1792|16.673854
MNISTNET_CROSSENTROPYLOSS_0|1824|23.033280
MNISTNET_CROSSENTROPYLOSS_0|1856|21.472562
MNISTNET_CROSSENTROPYLOSS_0|1888|23.385252
MNISTNET_CROSSENTROPYLOSS_0|1920|11.686343
MNISTNET_CROSSENTROPYLOSS_0|1952|6.054774
MNISTNET_CROSSENTROPYLOSS_0|1984|10.475987
MNISTNET_CROSSENTROPYLOSS_0|2016|8.670584
MNISTNET_CROSSENTROPYLOSS_0|2048|4.076704
MNISTNET_CROSSENTROPYLOSS_0|2080|9.534882
